43
FuchsiaXv6
SergeyV SundarA 
GameProv6
LarryO SusanQ StefanQ 
AndroidTVMaxv5
HiroshiF SundarP PhilippK 
CastOSProv6
BakhodirD 
GameLitev8
PhilippP PhilippK MatasW SergeyN 
ReleaseUltrav1
FionaJ BakhodirD 
ClassroomMaxv2
TatiyanaC SusanQ 
GlassOSLitev9
FionaJ BakhodirG SundarA PhilippK HiroshiF PhilippH 
DuoZv2
PhilippY SundarP FionaF 
MapsProv8
HiroshiW StefanQ BakhodirD 
WebserverProv6
PhilippP 
ChromeOSLitev3
PhilippP HiroshiW PhilippY 
SmartSv2
FionaF BakhodirW PhilippK BenjaminT FionaN 
ChromeOSUltrav5
JenK PhilippH SergeyU HiroshiW PhilippK ClementL 
StreamXv6
BakhodirW JenK SergeyN ClementM FionaJ 
BuildMaxv1
MichalB RuthX NellyY BakhodirG SergeyV 
MarsLitev5
BakhodirD TatiyanaC 
SmartLitev9
JenZ ThomasK PhilippP 
DuoZv4
ThomasK SundarP LarryX FionaJ PhilippK RuthX ThomasM 
FeedBurnerMaxv1
MichalB ThomasK ClementL HiroshiF 
MarsUltrav8
PhilippI SergeyU SusanQ PhilippP StefanQ BenjaminT RuthX BakhodirG MatasW 
DocsNextv2
SundarP JenK ClementL 
FuchsiaLitev6
PhilippY BenjaminT ThomasK FionaJ BakhodirW PhilippI SergeyV 
ShortsNextv7
FionaF PhilippY HiroshiF 
AssistantUltrav2
MatasC SergeyU StefanQ MichalP BakhodirW PhilippP 
MarsXv1
HiroshiF FionaJ MichalB MatasH 
FeedBurnerMaxv3
TatiyanaC LarryO 
DaydreamLitev7
BakhodirW 
ExploreUltrav8
BakhodirD ClementM SergeyV HiroshiF FionaJ SusanQ ClementE 
StreetViewXv1
TatiyanaC JenK FionaF 
BloggerNextv8
PhilippP ClementE MatasW SergeyV 
ChromeNextv7
SergeyV BakhodirD PhilippY 
ConnectLitev9
SundarA 
GameProv3
PhilippY 
ResearchXv8
SundarP ClementM BakhodirW JenK ClementE 
SitesSv1
SergeyU ClementL 
PhotoProv3
StefanQ HiroshiF BakhodirD SusanQ MichalP SergeyV SergeyU 
AndroidAutoZv2
PhilippH JenK PhilippI LarryX SergeyU 
WearOSLitev5
NellyY BakhodirD TatiyanaC JenK PhilippI 
ShoppingProv8
FionaN PhilippI 
StreamXv9
LarryO 
CollectionsZv7
HiroshiW SergeyV BakhodirD PhilippI SundarA SergeyN FionaJ 
SlidesNextv2
JenZ PhilippH 
