201
DuoProv6
c421 c1345 c862 c1152 c55 c790 c657 c638 c1398 c121 c1048 c987 c44 c1237 c1128 c787 c515 c399 c524 c710 c737 c668 
BooksUltrav6
c801 c824 c657 c331 c531 c219 c587 c1125 c660 c702 c1480 c920 c161 c1169 c1086 c383 c76 c1434 c204 c453 c1383 c987 c1262 c1163 c1232 c874 c856 c512 c1291 c668 c63 c1446 c268 c570 c1314 c1194 c708 c995 c1237 c664 c850 c376 c1231 c999 c1170 c1308 c179 c1382 c935 c1464 c1129 c1345 c555 c526 c588 c544 
AndroidUltrav5
c1324 c558 c1434 c44 c629 c1194 c1198 c383 c555 c970 c1058 c657 c212 c529 c1170 c219 c527 c1322 c76 c933 c515 c1321 c1183 c551 c1231 c1456 c185 c904 c1244 c512 
SheetsZv6
c1480 c1442 c1262 c376 c1345 c44 c587 c268 c551 c179 c235 c121 c76 c1322 c1232 c920 c570 c904 c135 c1499 c1124 c1349 c1308 c563 c592 c787 c1446 c899 c666 c850 c331 c97 c1129 c382 c95 
ShoppingUltrav1
c666 c358 c960 c1079 c953 c1105 c529 c526 c1321 c1382 c544 c386 c1205 c1246 c1484 c1456 c107 c1194 c962 c1294 c250 c1322 c1163 c827 c212 c1476 c394 c268 c668 c767 c531 c1048 c1111 c326 c368 c483 c551 c664 c383 c592 c608 c854 c657 c850 c612 c920 c47 c1231 c642 
WearOSMaxv2
c1193 c668 c1170 c1442 c874 c531 c382 c708 c160 c4 c675 c1229 c824 c587 c1308 c1198 c1129 c313 c641 c563 c933 c588 c1459 c1446 c1058 c268 c664 c551 c515 c920 c192 c1292 c483 c1049 c899 c999 c144 c850 c1480 c179 c1398 c397 c461 c430 c425 c1383 c608 c367 c1262 c960 c1169 c92 c955 c642 c1231 c76 c1297 c1079 
ClassroomProv8
c313 c1382 c316 c653 c1170 c551 c144 c1384 c1232 c61 c666 c179 c185 c1183 c1079 c529 c1042 c1083 c1244 c160 c1237 c358 
WebserverZv3
c1163 c397 c1480 c668 c44 c999 c892 c212 c394 c383 c268 c1058 c629 c1308 c588 c1446 c1314 c850 c963 c951 c1237 c144 c1079 c1349 c1424 c657 c61 c313 c526 c677 c135 c1232 c185 c55 c1479 c531 c551 c874 c95 c587 c368 c142 c808 c708 c529 
ReleaseUltrav2
c1446 c44 c1358 c0 c666 c1111 c326 c558 c157 c874 c1345 c1194 c1129 c1049 c664 c430 c641 c708 c367 c1456 c212 c382 c1308 c76 c935 
VoiceLitev9
c185 c341 c1383 c570 c512 c95 c212 c899 c1110 c1295 c4 c376 c850 c111 c1446 c1398 c1321 c1439 c664 c161 c629 c316 c461 c142 c1384 c160 c1464 c268 c787 c1484 
KeepNextv5
c313 c394 c185 c1345 c358 c641 c1321 c531 c4 c670 c664 c382 c343 c999 c1292 c1398 c1163 c1459 c933 c461 c1439 c383 c1049 c121 c1142 c1125 c642 c376 c1322 c1237 c668 c874 c526 
TranslateSv8
c1349 c1128 c1292 c157 c737 c473 c515 c1198 c1484 c185 c1446 c193 c808 c657 c368 c668 c1042 c570 c343 c121 c1399 c642 c1424 c592 c760 c852 c425 c76 c1281 c850 c738 c529 c416 c641 c1271 c1129 c1205 c1480 c1324 c670 
VoiceProv4
c515 c212 c653 c47 c850 c660 c368 c192 c874 c1456 c531 c376 c121 c1125 c657 c193 c12 c587 c76 c1152 c1382 c498 c483 c268 c1058 c920 c1295 c524 c987 c1446 c1345 c675 c1237 c960 c570 
TravelUltrav7
c1169 c526 c587 c675 c76 c1124 c1434 c670 c588 c608 c473 c987 c960 c394 c641 c527 c531 c657 c1244 c1321 c1129 c668 c1324 c999 c160 c268 c483 c1142 c858 c55 c1246 c920 c1292 c899 c850 c1484 c461 c331 c425 c1106 c1138 c578 c558 c955 c383 c563 c808 c1205 c824 c1079 c47 c144 c135 c666 c1183 c737 c45 
CodeNextv2
c853 c76 c1246 c708 c157 c135 c331 c383 c642 c1451 c963 c61 c987 c1231 c111 c1484 c4 c563 c526 c856 c1183 c955 c1198 c1232 
SearchUltrav1
c578 c641 c144 c955 c185 c425 c515 c529 c394 c963 c1292 c1291 c962 c193 c1321 c135 c12 c551 c776 c483 c212 c951 c399 
MarsNextv7
c587 c491 c1398 c608 c63 c570 c1058 c399 c1124 c668 c642 c1049 c558 c1079 c268 c375 c657 c1484 c874 c1125 c538 c1100 c316 c288 c708 c1459 c44 
DreamUltrav3
c376 c12 c666 c852 c675 c1124 c1042 c44 c1198 c1308 c121 c612 c668 c1128 c960 c161 c850 c212 c524 c955 c1110 c1292 c587 c326 c1105 c1193 c653 c824 c920 c473 c1349 c1058 c107 c670 c660 c1322 c935 c399 c135 c862 c1295 c515 c677 c608 c760 c551 c1183 c1049 c529 c558 
ScholarMaxv3
c135 c4 c641 c856 c288 c955 c192 c1128 c531 c382 c670 c657 c1484 c386 c107 c1074 c161 c824 c1193 c960 c882 c1308 c1111 c675 c1048 c1169 c668 c212 c1170 c219 c1281 c563 c368 c874 c1398 c425 c1183 c558 c1083 c1246 c204 c83 c1237 c544 c708 c1480 c1321 c491 c962 c137 c1399 
ImagesNextv7
c920 c1251 c313 c558 c383 c899 c1049 c212 c491 c121 c538 c192 c1105 c951 c708 c563 c677 c1110 c531 c368 c1398 c1086 c44 c882 c1480 c874 c856 c1106 c473 c394 c653 c668 c526 c1193 c1292 c92 c63 c1451 c963 c1083 c1237 c331 c204 c852 c737 c1194 c1459 c1349 c343 c853 c1074 c122 c1169 c962 c1183 c15 c960 
PatentsMaxv8
c135 c4 c368 c313 c642 c529 c1480 c1308 c1244 c524 c1291 c641 c708 c1484 c1128 c1183 c531 c1170 c776 c666 c12 c668 c1349 c856 c1079 c544 c121 c212 
DataMaxv3
c1324 c343 c1424 c1308 c4 c853 c121 c1231 c531 c1193 c187 c1358 c1345 c473 c1129 c1055 c551 c1442 c563 c1198 c331 c326 c847 c375 c675 c185 c1399 
GameMaxv5
c531 c383 c708 c1349 c561 c235 c1170 c1246 c185 c529 c551 c1322 c738 c483 c1198 c1321 c626 c1281 c608 c677 c737 c935 c512 c1398 c1345 c44 c1382 c76 c666 c187 c204 c179 c1434 c145 c192 c1193 
CurrentsUltrav6
c193 c920 c161 c144 c313 c83 c111 c558 c850 c375 c668 c563 c987 c4 c212 c1193 c1281 c529 c179 c852 c1399 c808 c219 c107 c1349 c677 c343 c551 c531 c1142 c657 c1169 c1074 c653 c44 c526 c882 c642 c738 c1013 c1185 c305 c235 c587 c1271 c316 c483 c1048 c995 c1345 c1079 c419 
WebserverMaxv3
c383 c512 c935 c1198 c1251 c708 c529 c1049 c675 c160 c1048 c193 c473 c551 c397 c419 c668 c1163 c368 c1484 c1281 c1399 c1232 c517 c850 c1074 c995 c544 c111 c367 c874 
AndroidMaxv2
c376 c331 c587 c1193 c850 c653 c1424 c1244 c1013 c382 c1281 c121 c708 c1124 c235 c676 c642 c515 c558 c668 c544 c1183 c1231 c608 c527 c1480 c1074 c483 c394 c1383 c641 c1246 c588 c1295 c375 c383 c856 c1048 c44 c537 
TranslateXv6
c1013 c1446 c44 c461 c1345 c675 c526 c313 c987 c107 c1183 c738 c660 c1295 c708 c160 c1399 c882 c1456 c1193 
FinanceMaxv3
c632 c1480 c563 c212 c382 c1456 c1237 c76 c538 c44 c527 c337 c368 c121 c531 c1308 c343 c1292 c1106 c219 c144 c675 
LearnNextv3
c874 c1058 c1105 c668 c193 c666 c935 c268 c1183 c1480 c527 c95 c657 c963 c326 c1111 c612 c1193 c1484 c382 c515 c157 c1124 c1292 c316 c368 c1049 c135 c512 c1251 c882 c955 c907 c1470 
CastOSUltrav6
c588 c76 c1055 c920 c185 c526 c760 c337 c1193 c111 c1446 c563 c1194 c212 c1459 c531 c853 c558 c850 c736 c1128 c192 c737 c1110 c1321 c1324 c642 c219 c1384 c1262 c1125 c675 c1183 c852 
SantaTrackerLitev5
c1308 c1484 c668 c529 c1398 c1399 c1079 c386 c1456 c382 c517 c527 c526 c1129 c491 c1193 c660 c394 c666 c1322 c551 c1183 c1384 c1271 c1470 c874 c1105 c641 c1281 c960 c383 c653 c608 c1382 c187 c123 c341 c578 c160 c83 c512 c955 c1194 c212 c44 
SmartLitev2
c808 c1246 c737 c587 c657 c850 c570 c999 c1074 c882 c955 c874 c1205 c1183 c608 c563 c376 c935 c383 c107 c551 c268 c63 c693 c92 c677 
ArtsSv6
c1292 c383 c563 c736 c1231 c987 c824 c515 c1111 c326 c204 c1049 c526 c907 c1446 c1308 c341 c808 c657 c920 c1198 c419 c1442 c551 c0 c1183 c999 c693 c531 c122 c935 c235 c123 c668 c641 c44 
ChromecastNextv4
c1384 c512 c1382 c1048 c235 c1237 c313 c1042 c563 c341 c473 c904 c1321 c515 c621 c4 c517 c1308 c179 c529 c192 c368 c76 c1049 c653 c157 c1246 c386 c1198 c375 c1169 c1459 c1205 c1163 c641 c1383 c853 c592 c587 c675 c1193 c1232 c1194 c122 c1183 c766 c161 c383 c738 c212 c740 c666 c1446 c1170 c1124 c660 c999 c461 c376 
DataSv2
c551 c12 c653 c1262 c1058 c483 c337 c1170 c531 c1128 c4 c847 c1321 c161 c341 c386 c1193 c192 c920 c313 c1111 c382 c1079 c526 c1231 c1446 c999 c121 c1129 c1480 c537 c1292 c808 c63 c621 c1308 c1105 c962 c343 c517 c1271 c185 c1125 c1055 c1398 c1442 c675 c736 c955 c1459 c1013 c368 c326 c1124 c563 c1083 
SlidesMaxv6
c204 c1058 c1271 c960 c1124 c1170 c1193 c1169 c111 c904 c563 c326 c760 c313 c1251 c4 c1399 c83 c368 c1446 c1484 c1110 c824 c675 c657 c12 c489 c850 c933 c853 c61 c483 c316 c529 c461 c668 c955 c515 c44 c677 c766 c95 c343 c1183 c1383 c570 c144 c1322 c737 c1083 c375 c664 c632 c1027 c394 c1125 c920 c987 
GlassOSNextv9
c587 c999 c920 c160 c1205 c1065 c1231 c1128 c538 c668 c1321 c376 c738 c383 c44 c1124 c368 c907 c425 c531 c0 c1456 c1262 c193 c1194 c1246 c76 c955 c1237 c852 c1079 c1058 c1105 c517 c722 c316 
GlassOSZv2
c1384 c135 c1163 c533 c1183 c1262 c1237 c1193 c1295 c341 c657 c641 c1079 c551 c1308 c212 c1321 c1205 c185 c1105 c563 c95 c1231 c1170 
ConnectUltrav5
c1198 c1262 c563 c1205 c1446 c192 c1308 c161 c1232 c1322 c1079 c708 c955 c1194 c824 c561 c1055 c882 c4 c157 c1480 c551 c168 c1193 c92 c899 c641 c1456 c1399 c670 
GroupsProv2
c1244 c512 c1049 c135 c44 c83 c1237 c608 c632 c529 c1163 c55 c642 c1124 c986 c1291 c179 c341 c1484 c850 c679 c1183 c962 c1232 c483 c852 c386 c95 c1079 c531 c193 c920 c1193 c1094 c907 c563 c1262 c668 c1105 c1065 c587 c660 c1067 c736 c1081 c1169 c904 c1308 c1074 c641 
SkyUltrav9
c26 c1308 c533 c512 c641 c4 c587 c383 c899 c313 c305 c1484 c920 c1237 c499 c1183 c1193 c960 c1205 c1094 c1324 c1124 
SkyUltrav1
c531 c847 c766 c587 c612 c491 c657 c738 c960 c955 c529 c212 c4 c1446 c489 c1042 c95 c527 c63 c1194 c268 c1322 c313 c135 c512 c668 
SlidesXv7
c1262 c608 c313 c766 c491 c1281 c668 c341 c383 c185 c1456 c657 c179 c1237 c326 c666 c642 c331 c489 c1193 c1042 c874 c1459 c1251 c192 c1198 c587 c987 c1349 c1201 c612 c1246 c376 c1244 c375 c1404 c337 c962 c1308 c1058 c1049 c1205 c1322 c135 c899 c1232 c322 c111 c920 c44 c76 c305 c1398 c144 
FormsProv2
c185 c675 c558 c766 c313 c1183 c1111 c1198 c852 c212 c1194 c824 c531 c660 c526 c537 c4 c1124 c641 c664 c1314 c1322 
DatasetSearchUltrav4
c1163 c12 c1314 c963 c899 c920 c517 c679 c1456 c529 c736 c1384 c1169 c1383 c185 c738 c83 c657 c1308 c313 c383 c212 c1281 c1049 c1345 c1065 c642 c1484 c987 c641 c907 c1321 c1079 c283 c999 c766 c537 c608 c1446 
ShoppingProv1
c1124 c95 c313 c160 c1480 c1183 c920 c76 c850 c1170 c1067 c904 c1129 c987 c12 c473 c653 c107 c608 c1042 c1446 c44 c1081 c1231 c587 c1198 c337 c135 c1295 c1049 c1456 c736 c1125 c1205 c708 c856 c899 c512 c121 c483 c415 c670 c1111 c1271 c489 c63 c677 c960 c612 c1194 c515 c1182 
DrawingsUltrav1
c1321 c1295 c1399 c1470 c641 c1193 c1456 c612 c55 c1055 c316 c1124 c63 c383 c0 c235 c1246 c850 c987 c587 c551 c1048 c1194 c531 c83 
BloggerLitev6
c1183 c135 c343 c999 c212 c850 c551 c425 c4 c668 c1442 c1384 c1262 c986 c12 c1198 c511 c531 c1205 c1074 c1314 c313 c383 c987 c587 c847 
DaydreamProv6
c1079 c1308 c986 c1193 c1183 c1244 c55 c95 c1383 c83 c1042 c960 c987 c76 c828 c1480 c1321 c1322 c587 c663 c212 c899 c766 c179 c760 c1161 c1456 c955 c1399 c679 c1194 c341 c144 c1295 c1130 c263 c326 c489 c847 c1124 c215 c708 c1251 c963 c1345 c675 c63 c668 c907 c512 c621 c882 c1110 c529 c1074 c808 c204 c1428 
SitesMaxv7
c675 c1285 c212 c531 c1205 c76 c461 c83 c1295 c12 c271 c1067 c1130 c1105 c1321 c185 c63 c641 c1074 c1081 c760 c962 c736 c527 c533 c1194 c663 c960 c1314 c1237 c664 c235 c1292 c1138 c219 c587 c1308 c987 c907 c144 c95 c904 c499 c899 c708 c737 c55 c920 c850 c1383 c1049 c1446 c670 c808 c179 c1193 
SantaTrackerSv6
c963 c1314 c641 c1237 c1124 c533 c1205 c1231 c473 c755 c737 c1321 c512 c1456 c708 c660 c664 c1193 c1065 c425 c676 c1125 c852 c527 c986 c907 c343 c1049 c1048 c663 c1345 
ChromeZv7
c368 c1161 c987 c708 c111 c394 c215 c517 c1081 c1198 c1295 c856 c383 c563 c343 c1205 c1251 c212 c587 c907 c538 c1193 c341 c95 c1058 c473 c187 c161 c615 c588 c1383 c641 c135 c642 c1456 c1170 c1183 c1308 c999 c1124 c653 c1484 c736 c899 c1399 c558 c963 c874 c847 c920 
DrawingsLitev8
c83 c135 c1271 c383 c920 c1257 c664 c904 c1049 c1194 c375 c268 c1446 c621 c808 c641 c425 c737 c215 c1244 c1398 c212 c882 c95 c531 c1124 c144 c787 c963 c161 c608 c44 c185 c1042 c834 c4 c663 c1262 c587 c1281 c1105 c1314 c271 c1251 c856 c1295 c1292 c368 c736 c473 c632 c551 c939 c1169 
ResearchProv3
c337 c570 c341 c161 c766 c852 c1042 c1193 c1065 c160 c386 c1384 c612 c394 c668 c1161 c1232 c1231 c1058 c144 c920 c1442 c874 c343 c107 c187 c907 c1125 c1257 c499 c1049 c1308 c483 c529 c313 c1169 c563 c1295 c1183 c1067 c1170 c1128 c632 c986 c1262 c1185 c608 c558 c4 
FuchsiaSv8
c529 c874 c1049 c185 c1308 c83 c1079 c382 c1257 c551 c987 c1237 c1262 c663 c533 c416 c1281 c1383 c660 c1110 c847 c1183 c679 
YouTubeMaxv8
c1231 c268 c963 c570 c904 c675 c621 c1321 c1446 c491 c1398 c737 c1314 c1257 c1081 c653 c1484 c527 c1399 c533 c1324 c483 c63 c1281 c668 c551 c375 c76 c708 c1161 c1295 c670 c184 c955 c920 c995 c526 c1130 c107 
WearOSMaxv1
c1183 c679 c1129 c491 c874 c939 c1321 c1170 c1042 c920 c531 c383 c425 c1081 c852 c587 c341 c305 c343 c563 c512 c533 c473 c1169 c529 c824 c268 c558 c1065 c235 c608 c193 c668 c1456 c1094 c570 c1295 c1201 c1322 c187 c1383 c185 c1161 c219 c1128 c850 c517 c551 c483 c1285 c283 c736 c55 c1398 c1138 c1399 c675 c578 
ChromecastNextv2
c660 c963 c642 c960 c193 c663 c708 c531 c999 c899 c1474 c1124 c1285 c1049 c1383 c121 c1194 c235 c1399 c135 c1292 c1308 c808 c63 c1251 c668 c44 c491 c587 c1110 c1345 c551 c185 c1065 c1237 c939 c268 c1295 c1183 
ArtsZv2
c679 c736 c44 c563 c1128 c899 c1105 c1205 c641 c193 c874 c1237 c473 c1169 c737 c1484 c499 c664 c551 c1244 c160 c268 c1262 c955 c962 c1157 c668 c1383 c517 c558 c215 c653 c904 c526 c1251 c1130 c121 c337 c1094 c331 c376 c92 c386 c135 c1292 c834 c271 c1110 c1285 c512 c4 c1049 c1295 c1499 c1308 c1446 c425 c212 
BloggerProv4
c736 c219 c529 c1081 c664 c1237 c193 c755 c1308 c1074 c1322 c382 c1049 c1424 c83 c850 c341 c55 c135 c852 c987 c1231 c642 c1321 c1262 c121 c1198 c963 c1124 c531 c76 c1398 c587 c1251 c1130 c44 c675 c1205 c1446 c907 c185 c632 c904 c1246 c663 c1383 c1411 c670 
PatentsLitev7
c135 c899 c955 c856 c808 c850 c551 c179 c1244 c920 c383 c271 c668 c670 c1130 c960 c874 c55 c1194 c1170 c1399 c461 c608 c185 c1193 c1324 c527 c1049 c1079 c30 c529 c1295 c1314 c1074 c1163 c963 c212 c664 c1169 c653 c483 c663 c121 c1345 c12 c1308 c331 c1157 
SearchLitev1
c107 c313 c111 c708 c663 c852 c383 c632 c1398 c1201 c179 c1322 c160 c874 c856 c587 c1321 c1251 c551 c1281 c1308 c337 c899 c212 c1161 c161 c920 c1383 c44 c760 c187 c305 c955 
StadiaProv2
c663 c1111 c1295 c668 c331 c121 c1321 c44 c313 c394 c4 c1205 c1161 c843 c670 c491 c558 c1324 c527 c1042 c185 c642 c95 c1292 c388 c1251 c708 c83 c767 
FormsZv3
c587 c204 c1049 c1125 c83 c76 c1057 c394 c1161 c341 c850 c907 c999 c920 c1198 c1322 c235 c856 c1295 c1183 c68 c1271 c987 c529 c473 c1383 c1163 c219 c664 c1480 
BloggerNextv6
c1198 c337 c1295 c1399 c608 c1257 c4 c137 c529 c1079 c212 c907 c1074 c824 c386 c341 c963 c986 c76 c185 c701 c1383 c874 c1124 c268 c425 c533 c1237 c499 c161 c1105 
SitesProv9
c1079 c1257 c670 c313 c1308 c368 c1399 c483 c1321 c828 c55 c341 c663 c708 c920 c664 c212 c874 c517 c1065 c121 c963 c847 c641 c1193 c376 c561 c1314 c1251 c1105 c1194 c383 c512 c1484 c219 c1138 c491 c386 c675 c1110 c1183 
StreamZv6
c962 c473 c531 c1295 c856 c1345 c1271 c83 c26 c679 c215 c121 c313 c44 c1321 c1065 c920 c1042 c1324 c701 c144 c331 c394 c111 c907 c1442 c1198 c386 c657 c776 c137 c383 c675 c708 c587 c653 c1194 c1079 c899 c1262 c193 c212 c824 c663 c787 c461 c12 c185 c1292 c1205 c1094 c1383 c382 c1398 
ScholarXv7
c137 c1125 c1383 c874 c1205 c179 c1399 c856 c1253 c1194 c847 c26 c1074 c852 c1271 c185 c1049 c1251 c531 c736 c920 c491 c1193 c899 c111 c1321 c1208 c955 c1161 c1308 c215 c1111 
FuchsiaLitev1
c1042 c955 c920 c1251 c26 c563 c874 c1285 c83 c1308 c160 c956 c1383 c558 c1170 c663 c388 c642 c491 c653 c808 c63 c1193 c1232 c383 c1016 c1295 c1257 c675 c4 c212 c800 c1322 c1205 c341 c701 c963 c1105 c454 
ChartsLitev5
c1295 c83 c1285 c135 c920 c955 c1163 c653 c1446 c1232 c708 c1193 c1345 c376 c1124 c12 c670 c1321 c1262 c874 c517 c499 c137 c668 c736 c1183 c899 c331 c760 c55 c1322 c563 c963 c179 c843 c1399 c1042 c283 c1308 c184 c608 c1271 c1251 c529 c144 c1161 c527 c852 c664 c368 
CastOSXv2
c736 c962 c376 c608 c1205 c641 c670 c828 c1308 c44 c135 c386 c271 c107 c653 c1292 c4 c1257 c368 c1194 c679 c531 
ChromeProv4
c1251 c907 c376 c955 c44 c1094 c1308 c1194 c664 c26 c137 c83 c527 c461 c1324 c1198 c383 c986 c425 c271 c663 c760 c1321 c962 c531 c856 c1193 c1231 c808 c999 c1124 c193 c1170 c185 c850 c388 c956 c1201 c675 c204 c588 
BooksXv3
c1456 c1292 c193 c1232 c76 c185 c920 c63 c1042 c955 c473 c1193 c1205 c1383 c388 c215 c1094 c722 c668 c1079 
AndroidSv7
c1105 c212 c653 c44 c55 c850 c1251 c219 c664 c963 c587 c193 c1321 c382 c1074 c1257 c670 c736 c1193 c1194 c313 c920 c852 c1198 c563 
VoiceXv4
c1399 c1193 c160 c375 c587 c531 c1271 c1314 c621 c608 c1398 c55 c663 c185 c184 c1456 c760 c670 c1111 c212 c1163 c708 c193 c1484 c828 c874 c1383 c499 c1183 c664 c83 c1295 c44 c454 c1049 c653 c960 c1057 c383 c920 c899 c563 c999 c179 c1124 
CurrentsXv7
c1042 c587 c1295 c331 c533 c963 c563 c26 c899 c212 c960 c1081 c313 c847 c679 c529 c63 c1314 c341 c1170 c454 c4 c657 c491 c376 c184 c1440 c517 c215 c874 c1308 c388 c235 c955 c144 c641 c1246 c1193 c461 c121 c760 c95 c675 c185 c44 c708 c1124 c76 c1194 
CultureLitev7
c653 c386 c1163 c135 c904 c1399 c1124 c679 c1169 c608 c708 c962 c587 c1205 c376 c664 c1193 c215 c907 c1470 c512 c26 c736 c1314 c1321 c95 c670 
PhoneProv7
c1074 c1163 c341 c558 c388 c1205 c1193 c1232 c1399 c1244 c850 c1042 c1169 c1281 c852 c483 c313 c663 c271 c376 c1105 c608 c215 c986 c1170 c367 c642 c874 
NewsZv2
c337 c1049 c1124 c904 c1321 c376 c1398 c4 c955 c83 c1440 c193 c621 c736 c653 c668 c1251 c1257 c1345 c533 c12 c1105 c1193 c1285 c383 c1130 c92 c766 c526 c675 c367 c697 
DaydreamSv6
c169 c1446 c1308 c708 c1042 c1292 c856 c1411 c1345 c920 c499 c736 c587 c653 c904 c517 c907 c1484 c963 c491 c1130 c473 c193 c461 c382 c899 c962 c1124 c663 c383 c1262 c986 c608 c1183 c212 c489 c852 c1295 c1170 c1322 c664 c83 c271 c219 c531 c824 c1163 c341 c1321 
VoiceUltrav2
c95 c1193 c473 c1042 c212 c44 c491 c1198 c1321 c675 c121 c1308 c1079 c563 c135 c632 c337 c517 c1295 c999 c179 c1251 c1105 c904 c531 c1124 c850 c1314 c963 c386 c204 c1383 c1049 c313 c1345 c664 c1094 c193 c483 c697 c874 c808 c137 c4 c736 c1424 c1257 c271 c986 c834 
ReleaseMaxv8
c383 c1308 c313 c1321 c1193 c388 c531 c852 c26 c179 c4 c956 c856 c675 c907 c904 c1042 c137 c425 c491 c1205 c1388 c193 c1237 c551 c850 
SearchSv2
c955 c454 c185 c368 c1170 c1321 c121 c1251 c425 c874 c135 c679 c1074 c376 c1308 c1065 c675 c1440 c183 c1456 c828 c531 c1324 c845 c461 c1193 c963 c558 c668 c987 c1157 c1232 c1257 c587 c337 c1079 c169 c217 c1237 c382 c1262 c386 c1138 c137 c63 c1295 c198 c1049 c192 
ConnectNextv4
c907 c641 c1124 c1237 c1484 c83 c986 c193 c1049 c63 c664 c341 c1194 c517 c736 c473 c121 c1324 c663 c1345 c1198 c1205 c26 c760 c44 c904 c4 c899 c313 c1193 c533 c1446 c1083 c776 c531 c1161 c563 c368 c1138 c960 
AndroidTVSv9
c1383 c563 c1124 c587 c1321 c1205 c1183 c184 c856 c531 c331 c852 c955 c874 c675 c44 c215 c375 c850 c708 c483 c144 c388 
ScholarZv1
c1456 c491 c121 c1193 c1257 c1042 c1110 c874 c454 c847 c670 c608 c955 c368 c4 c1105 c1314 c1074 c1285 c18 c722 c1324 c1281 c83 c587 c642 
GlassOSUltrav7
c4 c1124 c533 c1110 c1170 c760 c1314 c499 c55 c632 c907 c737 c368 c675 c1383 c212 c1079 c670 c963 c341 c642 c1324 c425 c845 c531 c63 c874 c1042 c847 c736 c268 c1244 c184 c986 c551 c1193 c473 c850 
ChromeSv2
c491 c621 c512 c1130 c1295 c1484 c1292 c1079 c1237 c461 c331 c212 c1383 c653 c185 c1442 c531 c670 c1446 c179 c1124 c337 c268 c1205 c632 c551 c107 c1324 c1398 c1193 c121 c641 c527 c1262 c1183 c558 c1285 c962 c679 c1281 c1042 c533 c824 c341 c664 c1081 c668 c587 c499 c367 c375 c368 
StreamXv2
c1399 c856 c137 c701 c26 c44 c1111 c337 c657 c963 c1345 c386 c271 c1295 c1383 c1110 c212 c852 c1321 c489 c1170 c425 c737 c708 c55 c653 c313 c670 c663 c1183 c204 c910 c621 c341 c760 c608 c388 c1042 c63 c955 c1194 c1079 c1198 c1138 c563 c12 c1161 c1446 c1456 c1124 c1237 c331 c1470 c83 c664 c169 c641 c383 c920 
DaydreamZv6
c92 c1292 c331 c512 c55 c1183 c375 c1110 c653 c531 c461 c193 c386 c1456 c212 c341 c708 c1321 c337 c1194 c955 c737 c185 c767 c736 c1079 c1138 c663 c1169 c657 c621 c668 c382 c1440 c1399 c828 c527 c1277 c808 c83 c1193 c44 c920 c760 c313 c1105 c1094 c1042 c1081 c874 c899 c1446 c63 c1232 c587 c30 c744 
StreetViewLitev5
c204 c1456 c955 c664 c44 c1321 c1130 c668 c121 c874 c1399 c708 c144 c1105 c701 c1262 c736 c1308 c1251 c382 c1257 c1 c1285 c184 c843 c1081 c386 c524 c1183 c767 c632 c1079 c850 c1295 c847 c963 c999 c642 c824 c1193 c192 c1049 c920 c26 c1065 c907 c1440 c1446 c107 c527 c185 c1322 c526 
PhoneProv5
c368 c1105 c461 c1193 c907 c663 c1138 c512 c491 c185 c1399 c1446 c587 c95 c1456 c955 c1094 c963 c204 c1183 c845 c668 c1130 c856 c1163 c30 c960 c1237 c1324 c169 c621 c962 c760 c454 c1295 c44 c657 c874 c483 c1081 c850 c135 c642 c1285 c736 c235 c1065 c55 c1244 c92 c499 
DatasetSearchNextv3
c899 c850 c632 c1399 c527 c736 c483 c1124 c920 c664 c675 c1262 c489 c1198 c83 c1098 c63 c999 c219 c26 c4 c107 c1205 c828 c1074 c679 c425 c1130 c1321 c193 c587 c963 c1257 c1170 c271 
GameZv2
c1324 c1198 c92 c1169 c708 c847 c587 c670 c1321 c850 c1170 c63 c1237 c1105 c641 c531 c107 c767 c26 c461 c527 c1124 c193 c1308 c121 c907 
StreamNextv8
c963 c313 c962 c1257 c1295 c701 c1285 c483 c1271 c1383 c137 c215 c668 c531 c1398 c955 c920 c708 c144 c185 c204 c388 c899 c1446 c76 c44 c653 c1042 c193 c121 c660 c1193 c1111 c1198 c657 c92 c283 c341 c1322 c852 c271 c1456 c111 c1067 c1094 c1124 
DocsZv8
c375 c663 c144 c83 c1314 c675 c587 c107 c376 c1383 c1042 c668 c1295 c1183 c962 c708 c1094 c1308 c1170 c1124 c955 c526 c1345 c12 c621 c183 c63 c1271 c26 c243 
NewsZv4
c107 c375 c337 c737 c1198 c760 c1138 c1295 c268 c499 c736 c899 c184 c664 c63 c271 c1083 c135 c558 c668 c1446 c491 c4 c1388 c1345 c425 c1383 c828 c1237 c563 c1098 c920 c95 c1281 c331 c83 c1079 c1308 c26 c121 c1183 c852 c1456 c531 c1314 c1081 c802 c1262 c1285 c167 
TranslateNextv9
c533 c920 c1456 c675 c1130 c986 c382 c1124 c341 c1237 c641 c4 c271 c874 c1285 c1399 c526 c670 c1049 c212 c808 c18 c179 c169 c193 c845 c955 c1079 c1308 
SearchNextv4
c670 c1446 c653 c107 c44 c1322 c0 c563 c1383 c1205 c920 c1237 c1399 c1105 c999 c852 c551 c641 c899 c608 c1183 c382 c1163 c642 c212 c986 c483 
MapsXv8
c1205 c1308 c551 c1138 c1237 c1484 c524 c956 c1081 c1198 c608 c107 c26 c828 c1193 c271 c1281 c963 c83 c1285 c1295 c1124 c907 c179 c962 c185 c531 
AndroidTVProv9
c179 c517 c135 c920 c1183 c1281 c1170 c386 c1345 c1456 c736 c663 c642 c1251 c1237 c1446 c193 c527 c1314 c204 c1271 c283 c668 c755 c551 c1049 c1295 c1079 c808 c63 c12 c268 c512 c1105 c657 c1285 c121 c874 c1124 c1193 c44 c1383 c847 
GmailZv1
c668 c1324 c1157 c1198 c1094 c526 c856 c1281 c185 c587 c1295 c907 c44 c1440 c608 c675 c1105 c845 c1308 c1183 c740 c1124 
WearOSProv5
c663 c1285 c215 c668 c1124 c26 c1183 c517 c1244 c664 c1094 c1205 c956 c608 c461 c1193 c1157 c337 c708 c212 c1324 c4 c679 
MapsZv4
c1232 c663 c856 c608 c907 c1042 c949 c708 c320 c63 c1456 c955 c383 c904 c874 c137 c736 c185 c121 c587 c1157 c531 c675 c1194 c512 c331 c1079 c1281 c1446 c999 c83 c1257 c642 c76 c653 c425 c710 c41 c845 
OsXv9
c1042 c701 c169 c1183 c1237 c736 c491 c1295 c137 c1157 c653 c679 c737 c1205 c12 c1094 c55 c920 c193 c341 c44 c1308 c383 c899 c1170 c1399 c1324 c1198 c808 c4 c107 c489 c850 c531 c200 c847 c587 c663 c960 c215 c1388 
FinanceProv4
c874 c313 c587 c185 c76 c834 c845 c425 c215 c107 c44 c1124 c847 c1183 c904 c454 c899 c642 c271 c551 c663 c856 
DriveMaxv5
c12 c184 c1042 c653 c642 c551 c874 c1198 c137 c737 c1130 c517 c1257 c701 c76 c212 c615 c856 c608 c963 c1446 c955 c1295 c675 
ChatZv9
c368 c558 c668 c1237 c425 c1257 c1456 c1321 c874 c737 c526 c663 c531 c621 c179 c641 c845 c95 c383 c185 c1183 c473 c1314 c1295 c1198 c1111 c899 c986 c664 c642 c313 c736 c512 c722 c1308 c955 c1285 c1322 c1383 
GroupsProv1
c531 c1183 c271 c847 c949 c368 c960 c442 c963 c376 c530 c313 c1193 c1383 c183 c1124 c653 c956 c83 c1321 c533 c1138 c367 c737 c899 c215 c670 c608 c4 c44 c697 c185 c1324 c1292 c907 c63 
FlightsUltrav5
c664 c737 c1308 c121 c1262 c185 c1383 c337 c955 c670 c899 c587 c847 c1446 c4 c1257 c1042 c675 c1194 c270 c313 c642 c663 c834 c184 c473 c1065 c1384 c375 c1198 c852 c1285 c169 c200 c12 c382 c499 
LoggingUltrav4
c1042 c1170 c675 c1169 c1183 c956 c184 c899 c641 c955 c1456 c212 c461 c337 c442 c531 c653 c107 c63 c737 c856 c1094 c111 c1198 c920 c271 c320 c1452 c949 c1295 c1110 c960 c499 c874 c137 c845 c1237 c1446 c489 
ShoppingUltrav6
c664 c874 c1169 c1308 c1124 c726 c533 c1292 c737 c1129 c1383 c491 c454 c834 c850 c1295 c856 c920 c847 c26 c1324 c1205 c83 c587 c963 c799 c107 c670 c1198 c1281 c111 c1257 c956 c137 c1170 c1237 c184 c76 c499 c653 c907 c44 c531 c1193 c517 
VideoProv1
c1446 c83 c642 c63 c215 c1169 c664 c1094 c920 c461 c1138 c955 c1205 c1183 c1324 c219 c184 c587 c670 c271 c425 c212 c963 c394 c107 c26 c828 c55 c899 c1157 
StreetViewZv4
c55 c845 c44 c212 c664 c1065 c1484 c834 c1111 c76 c1198 c1237 c963 c144 c179 c320 c960 c907 c533 c675 c337 c1169 c1383 c1129 c473 c1191 c1251 c737 c1124 c608 c808 c1349 c920 
FinanceNextv3
c1349 c212 c184 c1124 c1237 c1065 c1049 c615 c563 c856 c828 c986 c382 c491 c551 c963 c653 c701 c960 c558 c1193 c44 c834 c1079 c737 c1110 c874 c55 c499 c1285 c135 c183 c1308 c1130 c1281 c907 c1194 c1321 c531 c1129 c1251 c41 c675 c664 c1446 
SitesProv2
c1251 c641 c26 c144 c963 c76 c670 c874 c1193 c320 c587 c1324 c653 c107 c83 c986 c425 c1094 c1399 c382 c563 c517 c195 c442 c337 c1198 c920 c121 c531 c737 c183 
CurrentsXv5
c343 c668 c907 c1321 c12 c740 c845 c376 c608 c530 c111 c512 c1361 c517 c963 c1198 c847 c1456 c461 c63 c83 c1251 c95 c1170 c185 c1194 c491 c4 c270 c653 c200 c26 c675 c920 c874 
ChromeZv2
c1308 c999 c587 c204 c44 c608 c1237 c899 c135 c663 c1194 c1183 c1198 c1205 c0 c1042 c956 c179 c1399 c215 c185 c531 c847 c708 c1170 c874 c920 c641 c1124 c986 c425 c1324 c442 c144 c1281 c461 c169 c1349 c1295 c1484 c83 c1257 c551 c1169 c1049 c530 c1138 c1065 c736 c1067 c26 
FlightsProv7
c183 c1193 c670 c899 c1081 c111 c1321 c1208 c1105 c530 c320 c0 c653 c955 c41 c121 c135 c663 c587 c664 c1194 c26 c204 c1042 c907 c708 c1124 c44 c1237 c847 c531 c235 c852 
KeepLitev6
c642 c183 c960 c999 c212 c740 c1456 c461 c799 c1157 c1183 c587 c63 c1138 c1193 c956 c491 c1081 c1324 c499 c701 c1295 c1042 c845 c517 c1383 c986 c1198 c1124 c1321 c664 c1446 c653 c1170 
AlertsZv3
c1383 c963 c425 c1194 c76 c1130 c1285 c320 c960 c1193 c1321 c1484 c531 c675 c1456 c1198 c4 c834 c1295 c1232 c55 c740 
FlightsXv2
c956 c1124 c185 c530 c1349 c26 c1193 c1042 c454 c701 c1130 c533 c587 c382 c313 c491 c83 c1399 c641 c847 c1292 c1383 c1163 c653 c111 c442 c12 c1321 c675 c531 c664 c499 c512 c63 c1105 c1110 c425 c670 c1194 c1308 c1205 c1456 c161 c1442 c4 c135 c195 c1170 c1169 c608 c986 c1257 c383 c850 c219 c212 c1029 
MoonMaxv6
c83 c1183 c1198 c76 c679 c1169 c1324 c999 c907 c1446 c1170 c270 c737 c183 c1130 c1237 c852 c1292 c425 c847 c1042 c956 c63 c533 c1049 c615 c856 c1163 c899 c736 c1440 c587 c0 
PixelMaxv2
c907 c899 c1237 c533 c1262 c663 c26 c845 c1257 c425 c615 c1105 c736 c1111 c641 c675 c531 c904 c337 c179 c1065 c1130 c461 c999 c313 c1324 c454 c653 c1193 c949 c1094 c1183 c320 c1170 c442 c1295 c1383 c183 c270 c1484 c1042 c271 c169 
CastOSSv8
c63 c135 c425 c856 c1232 c4 c121 c963 c55 c382 c1349 c491 c1194 c169 c1257 c587 c533 c1094 c847 c219 
SecureProv9
c135 c107 c1042 c1321 c1399 c0 c26 c4 c12 c137 c1049 c313 c184 c899 c491 c1324 c169 c1130 c368 c121 c1170 
AssistantSv6
c1124 c1130 c425 c1183 c904 c1237 c701 c850 c1205 c271 c856 c1285 c215 c1198 c608 c986 c26 c907 c663 c641 c668 c737 c499 c874 c963 c531 c1446 c949 c4 c642 c1042 c83 c1094 c331 c1383 c1111 c512 c326 c63 c1194 c726 c1324 c76 c828 c587 
PhotoZv5
c701 c856 c271 c63 c1094 c1237 c184 c461 c425 c1042 c1316 c4 c663 c561 c963 c1193 c337 c1383 c1205 c641 c1321 c283 c313 c920 c341 c1484 c847 c668 c1163 c679 
DataUltrav8
c1308 c185 c1232 c563 c1194 c845 c531 c708 c1130 c1446 c517 c1193 c963 c920 c850 c1198 c587 c874 c1257 c949 c271 c219 c0 c530 c1324 c668 c111 c425 c799 c1262 
DataSv1
c185 c641 c668 c337 c708 c425 c1193 c737 c1170 c899 c1157 c850 c1446 c907 c1194 c376 c955 c83 c963 c1049 c1316 c1130 c212 c76 c137 c1456 c382 c107 c461 c1262 c615 c663 c4 c527 c845 c320 c1067 c333 c563 c11 c1324 c442 c512 c270 c204 
BooksLitev3
c1130 c398 c1042 c1324 c313 c442 c641 c530 c1232 c107 c701 c1193 c1124 c179 c1295 c999 c1237 c587 c1399 c1157 c1456 c551 c1383 c1169 c533 c615 c1316 c1446 c193 c1198 c41 c955 c1163 c1308 c642 c0 c4 c270 c1499 c219 c111 c26 c1170 c185 c167 c144 
OsProv6
c1232 c1295 c587 c561 c1285 c1198 c4 c1183 c736 c663 c204 c1130 c963 c1383 c382 c641 c44 c907 c337 c1321 c664 c668 c904 c608 c512 c461 c847 c107 c169 c642 c960 c193 c235 c949 c55 c737 c899 c270 c675 c850 c1440 c1324 c563 c999 c320 c834 c215 c1194 c533 c874 c1042 c1308 c1253 c368 c1163 c219 c167 
ExploreZv2
c1194 c642 c183 c111 c271 c701 c668 c999 c641 c608 c663 c1456 c1124 c368 c1193 c44 c1295 c1383 c26 c442 c670 c852 c215 c1321 c1316 c83 c343 c1484 c491 c1130 c530 c531 c1198 c955 c135 c1079 c219 c1490 c454 c563 c425 c341 c697 c185 c843 c184 c11 c1094 c856 c963 c12 c1237 c1446 c1205 c529 c1157 c394 
SitesUltrav3
c1349 c852 c1251 c1042 c41 c271 c999 c587 c1183 c1316 c0 c1237 c121 c1308 c1399 c641 c398 c63 c963 c1205 c1262 c1198 c740 c955 c531 c1169 c1440 c184 c899 c12 c283 c55 c193 c83 c856 c1105 c1170 c1321 c608 c642 c1067 c169 c1295 c1194 c183 c675 c956 
StreamUltrav2
c1198 c740 c271 c382 c1194 c874 c1324 c963 c0 c1237 c960 c834 c847 c215 c270 c121 c320 c653 c664 c920 c212 c1308 c608 c907 c587 c454 c956 c1067 c533 c337 c1456 c1193 c135 c1169 c1257 c799 c368 c1183 c1130 c4 c1065 c845 c184 c641 c1042 c852 
VideoUltrav2
c845 c1321 c1193 c1042 c382 c1065 c608 c111 c212 c1446 c955 c1170 c55 c1124 c517 c1308 c193 c663 c313 c999 c169 c1130 c512 c1157 c160 c653 c551 c499 c1049 c63 c1094 c1384 c852 c874 c398 c454 c701 c1316 c533 c1205 c708 c1237 c736 c1083 c107 c963 c670 c1232 c986 c1183 c527 c1138 
MapsUltrav8
c83 c26 c193 c1157 c960 c708 c44 c1321 c235 c1130 c1440 c587 c1456 c271 c1383 c1169 c382 c135 c874 c491 c642 c1193 c852 c1295 c517 c1094 c1163 c343 c1324 c4 c986 c834 c367 c512 c899 c368 c847 c845 c185 c701 c1308 c270 c1170 c1388 c0 c12 c1124 c1205 c664 c641 c962 c527 c107 c533 
DreamXv8
c313 c679 c1262 c587 c63 c852 c454 c76 c1094 c111 c874 c179 c527 c343 c1198 c653 c425 c1237 c1157 c491 c1324 c1316 c953 c920 c845 c1383 c83 c169 c726 c1183 c1446 c212 c1456 c1185 c1081 c184 c1308 c963 c531 c799 c185 c1345 c960 c642 c1285 c670 c847 c641 c121 c1295 
AndroidAutoUltrav1
c1237 c1308 c1183 c608 c963 c26 c491 c270 c642 c845 c212 c850 c1456 c192 c517 c185 c1383 c668 c587 c55 c204 c111 c670 c960 c343 c1042 c313 c1295 c1105 c193 c907 c121 c551 c531 c847 c1257 c828 
ChatLitev7
c26 c313 c531 c4 c608 c899 c185 c44 c0 c1308 c845 c204 c736 c1170 c904 c955 c135 c1349 c121 c320 c1361 c1232 c212 c512 c1237 c111 c1105 c343 c1321 c1079 c1295 c271 c767 c1198 c920 c642 c1049 c551 c799 c1124 c999 c907 c697 c425 c740 c382 c55 c653 c1456 c1470 c1067 
SecureLitev1
c1237 c1042 c1285 c179 c382 c920 c1138 c1198 c1169 c737 c642 c1456 c847 c960 c675 c44 c144 c999 c1321 c1194 
CurrentsLitev2
c852 c1042 c1079 c1169 c1295 c642 c1446 c701 c736 c1194 c1130 c530 c641 c1308 c1183 c907 c1456 c531 c1321 c963 c1124 c454 c121 c1170 c956 c675 c55 c920 c1285 c271 c670 c664 c179 c663 c615 c76 
FinanceSv2
c491 c454 c852 c1321 c1308 c531 c663 c270 c1324 c137 c920 c320 c1205 c701 c708 c530 c425 c135 c1383 c193 c343 c215 c382 c313 c642 c0 c847 c737 c1237 c1194 c1399 c169 c755 c533 c736 c1094 c1042 c1262 c167 c799 c26 
ChromecastSv2
c4 c1237 c852 c563 c527 c1198 c845 c920 c271 c1295 c442 c44 c1124 c529 c320 c963 c0 c200 c1194 c1324 c668 c956 c137 c1065 c955 c960 c533 c531 c1257 c491 c144 c235 c179 c675 c454 c183 c904 c1446 c215 c261 c653 c907 c1163 c1193 c26 c1079 c107 c1130 c697 c999 c337 
ImagesSv4
c920 c1232 c1193 c1324 c454 c530 c641 c850 c55 c1042 c1321 c1308 c955 c107 c1105 c960 c26 c736 c1138 c184 c1067 c135 c63 c1170 c737 c1130 c183 c899 c219 c551 c337 c1194 c670 c956 c499 c1124 c527 c212 c1251 c874 c999 c368 c608 c1157 c708 c388 c4 c383 c963 c1399 c1055 c847 c529 
AndroidTVMaxv4
c1194 c1193 c960 c736 c955 c1130 c530 c904 c1349 c26 c615 c1308 c668 c608 c852 c343 c179 c1 c999 c184 c313 c907 c1124 c847 c642 c270 c1251 c587 c670 c63 c271 c850 c956 c1094 c987 c1295 c1198 c641 c533 c834 c144 c701 c986 c1079 c697 c169 c1257 c517 c219 c899 c1321 c1316 c44 c1442 c137 c1446 c1049 c12 c204 
DreamUltrav9
c55 c856 c425 c899 c527 c83 c1183 c1257 c615 c701 c874 c4 c337 c1157 c1205 c1262 c63 c530 c955 c283 
PhotoProv2
c169 c608 c641 c1042 c1081 c615 c799 c999 c642 c144 c874 c1169 c212 c63 c1205 c425 c670 c111 c527 c512 c679 c184 c44 c135 c1383 c1194 c31 c530 c668 
ShoppingNextv6
c955 c1183 c663 c679 c641 c1193 c204 c1308 c874 c624 c845 c847 c1049 c1295 c963 c949 c736 c642 c167 c425 c1130 c1169 c41 c0 c235 
LoggingUltrav9
c1324 c313 c169 c26 c1079 c668 c847 c1049 c454 c960 c425 c1105 c1308 c1446 c1042 c1094 c615 c1237 c271 c1257 
ShoppingUltrav8
c899 c1257 c1205 c1042 c169 c1295 c55 c1105 c185 c517 c499 c442 c1456 c1183 c1285 c337 c856 c1237 c1130 c1440 c1308 c368 c963 c1157 c1079 c184 
DuoMaxv4
c1237 c442 c137 c1042 c1383 c1446 c653 c531 c1130 c383 c135 c1138 c874 c679 c663 c83 c1316 c512 c799 c63 c1456 c184 c834 c1324 c641 c1163 c55 c899 c271 c755 c1257 c517 c1321 c425 c1065 c1198 c1253 c642 c530 c76 
ReleaseZv9
c608 c442 c615 c12 c1105 c527 c337 c1193 c963 c675 c193 c587 c956 c1079 c1324 c834 c920 c270 c533 c1251 c641 c313 c1027 c1205 c212 c76 c1124 c320 c1295 c668 c1049 c184 c899 c1183 c204 c1198 c219 c26 c512 c454 c1163 c799 c670 c642 c1042 c1316 c1456 c55 c531 
PhotoNextv6
c1285 c738 c144 c963 c1183 c212 c76 c26 c641 c653 c454 c834 c1295 c675 c107 c1205 c1251 c1324 c1079 c856 c1456 
PhotoLitev1
c204 c907 c642 c701 c960 c1191 c1446 c1042 c219 c1308 c1456 c955 c398 c920 c1198 c899 c1138 c1079 c740 c212 c736 
FormsNextv1
c135 c738 c1383 c183 c454 c111 c1316 c12 c641 c320 c740 c956 c1042 c121 c1079 c736 c1251 c708 c1081 c83 c1285 c999 
GroupsUltrav2
c1232 c1446 c26 c212 c1183 c530 c1079 c670 c874 c1237 c563 c1205 c169 c845 c799 c1321 c1170 c491 c461 c1251 
MapsSv2
c41 c1170 c337 c845 c0 c852 c26 c1169 c398 c1193 c63 c144 c1446 c44 c271 c1049 c169 c1399 c121 c736 c1124 c491 c425 c1138 c738 c1456 c708 c1130 c83 c1194 c615 c1262 c1237 c1094 c697 
DuoZv7
c512 c26 c1130 c1205 c701 c960 c425 c670 c1308 c615 c44 c1383 c55 c834 c1446 c1321 c1194 c1295 c1157 c663 c1105 c668 c517 c193 c1232 c121 c847 c135 c1124 c31 c1169 
ImagesZv5
c111 c4 c1237 c1324 c179 c1193 c1079 c799 c491 c26 c850 c551 c1388 c642 c736 c738 c641 c512 c852 c1399 c1183 c184 c533 c169 c1446 c1094 c1194 c1081 c204 c1308 c653 c137 c874 c1262 c663 c664 c425 c55 c1257 c1049 c737 c107 c368 c1048 c955 c531 c0 c726 c999 c856 c185 c960 c834 c271 c283 
OsZv8
c212 c26 c664 c956 c1308 c1205 c1295 c135 c670 c44 c999 c1257 c270 c1049 c1321 c183 c955 c533 c442 c1065 c1094 c963 c398 c1079 c527 c530 c856 c679 c907 c219 c368 c184 c740 c1484 c195 c563 c305 c1232 c986 c4 c653 c736 c1316 c271 c675 c198 c1130 c1183 c320 c55 c874 c531 c962 c899 c1198 c847 
LoggingProv9
c41 c899 c1324 c1094 c1042 c219 c26 c491 c44 c834 c1446 c874 c121 c270 c701 c1383 c1079 c425 c679 c4 c63 c331 c1081 c1106 c907 c320 c235 c615 c736 c663 c313 c664 c852 c343 c337 c642 c271 c1194 c708 c1157 c1285 c1170 c137 c1169 c55 c1065 
FlightsSv2
c204 c736 c1321 c26 c708 c1065 c4 c1262 c1193 c1446 c491 c800 c845 c587 c955 c1130 c135 c44 c1105 c920 c313 c663 c956 c83 c1251 c1183 c1399 c1124 c1232 c271 c999 c45 c664 c641 c1349 c1170 c111 c76 c668 c856 c1198 c121 c331 c960 c527 c642 c368 c899 
DaydreamUltrav1
c1295 c530 c1456 c111 c1198 c179 c1183 c736 c963 c491 c343 c1321 c799 c1324 c642 c641 c41 c183 c663 c1383 c1442 c1308 c1399 c1163 c845 c920 c679 c461 c499 c26 c425 c368 c956 c615 c955 c824 c551 c1316 c608 c847 c587 c283 c271 c960 c313 
GameSv2
c1163 c852 c454 c1157 c1138 c1079 c1081 c1237 c491 c986 c55 c963 c1194 c343 c664 c1308 c219 c1295 c653 c198 c1198 c563 c736 c899 c920 c442 c697 c271 c1316 c121 c551 c834 c1049 c847 
PatentsZv3
c1237 c642 c1042 c461 c531 c1163 c1308 c26 c193 c1456 c845 c212 c653 c137 c670 c1169 c1124 c737 c219 c1295 c1198 c1130 c852 c1205 c856 c608 c425 c529 c1361 c679 c1446 c824 c963 c76 c800 c83 c955 c184 c663 c183 c382 c701 c920 c847 
MarsProv2
c4 c1205 c1308 c737 c679 c670 c337 c1446 c1198 c1079 c1194 c847 c920 c615 c1316 c845 c41 c1262 c1193 c527 c83 c313 c736 c169 c663 c530 c1257 c1321 c874 c642 c1124 c899 c320 c955 
YouTubeXv1
c111 c512 c701 c184 c499 c1257 c331 c907 c608 c1321 c337 c642 c675 c1105 c530 c1198 c26 c1079 c368 c955 c235 c1124 c1295 c1042 c664 c949 c697 c531 c845 c856 c425 c144 c1324 c461 c834 c1183 c1237 c1110 c313 c183 
FlightsNextv3
c663 c1198 c1383 c531 c517 c527 c856 c899 c653 c270 c907 c675 c121 c1295 c530 c799 c185 c1169 c1262 c184 c874 c1251 c736 c1105 c1456 c641 c1193 c738 c858 c701 c63 c320 c920 c1237 c845 c343 c1170 c834 c1205 c160 c271 c0 c949 c204 c95 c12 c83 c608 c1079 c963 c55 c1440 c442 
DatasetSearchZv7
c1324 c137 c615 c1446 c1285 c204 c845 c1456 c1124 c1205 c850 c963 c899 c1170 c26 c1169 c907 c270 c44 c219 c398 c1096 c664 c12 c949 c1138 c1191 c670 c368 c184 c675 c491 c587 c738 c1130 c215 c1237 c1193 c1042 c955 c425 c1232 c533 c367 c63 c1183 c551 c736 
GlassOSZv7
c960 c135 c1138 c663 c963 c531 c955 c1456 c551 c1079 c533 c1124 c642 c738 c845 c701 c160 c313 c499 c641 c1205 c183 c736 c920 c204 c1105 c670 c169 c179 c608 
VoiceNextv7
c531 c1237 c121 c169 c533 c1205 c26 c563 c512 c76 c949 c874 c737 c1262 c1163 c850 c55 c852 c184 c1251 c1193 c313 c63 c1194 c675 c1124 c653 c1079 c368 c107 c83 c1295 c212 c856 
PhotoSv9
c121 c527 c442 c1198 c185 c955 c701 c1308 c1349 c55 c1446 c845 c193 c179 c963 c1321 c1130 c1295 c641 c1194 c83 c425 c670 c529 c107 c740 c587 c738 c1237 c1169 c1081 c1484 c1042 c1324 c956 c675 c1065 c382 c1262 c530 c313 c664 c1383 c215 c26 c1183 c1170 c1116 c1094 c960 c874 c491 c122 
ChromecastZv5
c653 c1105 c1169 c670 c1170 c1349 c852 c271 c1134 c270 c1198 c1079 c63 c200 c204 c44 c608 c1205 c668 c512 c137 c144 c179 c587 c461 c0 c1124 c1324 c1308 c343 c320 c111 c963 c1094 c563 c920 c4 c960 c551 c955 c530 
FuchsiaZv7
c184 c563 c641 c740 c533 c1295 c1321 c1124 c587 c679 c847 c608 c491 c137 c313 c1251 c1262 c1232 c0 c179 c1361 c1456 c26 c531 c44 c701 c461 c83 c642 c1193 c845 c1324 c675 c670 c1285 c962 c1163 c271 c530 c1138 c834 c664 c454 c4 c107 c1169 c1308 c999 c907 c1170 c235 c183 c1198 c955 c76 c12 c1399 
PatentsProv3
c738 c1130 c1094 c920 c313 c530 c491 c856 c121 c533 c1042 c1383 c517 c608 c95 c1316 c1067 c874 c531 c270 c960 c670 c1257 c76 c382 c1170 c701 c44 c1198 c1281 c1308 c111 c736 c169 c850 c1237 c1157 c847 
DriveNextv5
c0 c107 c708 c1232 c4 c1349 c1079 c1324 c670 c1198 c907 c956 c960 c999 c1446 c799 c874 c679 c1065 c1169 c675 c1295 c1094 c899 c1205 c212 c1322 c1157 c551 c135 c215 c183 c179 c454 
ChromeUltrav3
c736 c551 c963 c1169 c283 c527 c920 c198 c343 c956 c83 c442 c215 c185 c675 c1446 c1170 c1079 c111 c1237 c55 
ResearchLitev3
c701 c135 c121 c1205 c845 c1257 c1324 c527 c531 c179 c663 c1157 c615 c212 c1193 c184 c169 c708 c343 c1295 c26 c642 c736 c1456 c551 c641 c653 c852 c1262 c874 c1316 c1170 c512 c1484 c738 c1281 
SlidesZv6
c185 c587 c1399 c701 c1193 c963 c653 c1124 c198 c83 c1205 c1042 c271 c856 c738 c1198 c697 c1094 c740 c663 c1324 c1446 c533 c283 c615 c850 c4 c1170 c48 c184 c999 c962 c1105 c219 c736 c313 c517 c1308 c1065 c1183 c121 
CalendarMaxv7
c664 c530 c44 c185 c608 c1349 c736 c1237 c12 c107 c587 c1193 c1383 c551 c663 c1194 c1094 c212 c987 c899 c183 c1169 c499 c219 c955 c1157 c1499 
FinanceLitev1
c26 c1321 c1456 c183 c135 c963 c219 c736 c737 c587 c1130 c850 c1237 c845 c874 c1105 c45 c1183 c668 c960 c615 c184 c670 c1324 c1257 c1205 c1081 c755 c198 c533 c215 c76 c1094 c337 
FormsNextv5
c26 c1169 c1383 c874 c852 c653 c1205 c1324 c219 c367 c144 c1124 c1170 c107 c169 c491 c44 c999 c963 c1163 c1308 c1194 c270 c83 c1253 c461 c204 c736 c161 c343 c1046 c740 c184 c283 c664 c851 c12 c933 c1065 c185 c337 c398 c697 c0 c212 c1183 c1049 c551 c1262 c845 c1105 c615 c1251 c701 c183 
MapsLitev1
c425 c1232 c653 c949 c551 c76 c454 c1321 c1237 c1130 c530 c219 c1169 c755 c1456 c184 c4 c834 c1205 c271 c615 c179 c121 
SitesXv7
c184 c708 c1130 c55 c320 c963 c121 c26 c642 c1237 c1081 c920 c845 c1105 c185 c701 c491 c874 c107 c1193 c83 c1183 c1169 c263 
ChromeOSMaxv2
c1324 c1205 c382 c1383 c852 c527 c1138 c1042 c1105 c1079 c533 c1193 c26 c1295 c1094 c135 c999 c1130 c653 c963 c955 c899 c1316 c179 c491 c708 c0 c1308 c270 c641 c183 c1446 
LearnProv6
c1308 c219 c1193 c587 c0 c270 c1198 c4 c12 c1124 c533 c641 c1446 c1105 c48 c527 c1170 c850 c949 c551 c204 c1324 c1234 c668 c512 c856 c530 c76 c135 c1295 c1321 c461 c738 c615 c845 c1349 c41 c1237 c185 c368 c828 c1183 c184 c55 c179 c44 c491 c83 c271 c343 
NewsXv4
c44 c1169 c1079 c642 c1308 c454 c907 c675 c1094 c442 c999 c899 c533 c185 c491 c1237 c1446 c1198 c212 c963 c664 c1124 c1456 c111 c270 c83 c461 c4 c615 c1262 c845 c1183 c874 c121 c670 c198 c1105 c1157 c920 c183 
StorageUltrav2
c668 c664 c963 c920 c1170 c1130 c313 c1027 c960 c271 c1042 c107 c670 c121 c425 c1295 c1067 c1308 c856 c1321 c1251 c1124 c587 c185 c44 c343 c1138 c531 c1198 c1193 c1285 c561 c1079 c1094 c641 c4 c653 c530 c193 c198 
SkyNextv7
c874 c1042 c1205 c587 c183 c920 c313 c270 c736 c955 c740 c271 c76 c1321 c193 c1163 c1399 c679 c963 c533 c169 c845 c491 c368 c1079 c1262 c4 c1049 c1308 c382 c425 c1198 c1285 c1193 c12 c1237 c135 c18 c1130 c527 c461 
AndroidSv3
c270 c0 c1138 c1042 c320 c1193 c44 c641 c398 c1065 c899 c1130 c587 c26 c1183 c1198 c874 c63 c670 c1169 c999 c1295 c1124 c184 c179 c235 c529 c271 c850 c219 c83 c1251 c551 c107 c653 c1321 c135 c738 c531 c4 c608 c824 c212 c18 c920 c313 c55 c343 
TranslateProv2
c425 c271 c708 c1321 c1169 c1308 c212 c642 c531 c63 c1105 c1170 c313 c1042 c491 c111 c850 c499 c529 c1399 c737 c907 c184 c1237 c398 c1198 c1388 c55 c185 c986 c1446 c1257 c533 c1383 c1232 c701 c664 c1049 c512 
DatabaseUltrav7
c491 c212 c111 c193 c1183 c530 c1295 c1456 c799 c1484 c1169 c1094 c204 c956 c608 c63 c185 c1308 c874 c4 c701 c736 c531 c1198 c1124 c800 c1205 c668 c184 c337 c907 c1251 c1081 c642 c1316 c845 c920 c442 c107 c1105 c551 c1321 c1138 c670 c1322 c899 c1130 c394 c1262 c121 c1285 c1079 c740 c1383 c26 c144 
SkyXv9
c185 c675 c219 c874 c740 c845 c1198 c169 c83 c608 c425 c184 c1205 c1308 c1169 c1251 c527 c551 c920 c1324 c999 c956 c76 c1124 c183 c670 c1194 c955 c1399 c341 c41 c1232 c1130 c531 c1163 c1 c530 c63 c121 c1446 c382 c1042 c368 c44 c533 c1138 c491 c26 c664 c4 
TravelProv9
c1349 c1324 c26 c1446 c135 c799 c641 c1308 c708 c999 c1194 c204 c107 c461 c1262 c1285 c856 c1094 c512 c44 
PatentsLitev8
c111 c1321 c675 c1094 c1194 c219 c531 c738 c1324 c63 c737 c461 c1130 c701 c563 c1446 c1257 c664 c368 c44 c907 c499 c398 c708 c955 c135 c179 c1138 c313 c529 c193 c1079 c956 c533 c1110 c107 c55 c1456 c1042 c530 c561 c663 c1399 c1049 c963 c642 c1237 c641 c1205 
AndroidLitev9
c1285 c76 c1324 c679 c184 c1138 c907 c121 c212 c1440 c179 c955 c193 c4 c675 c1237 c740 c1183 c920 c1193 c512 c999 c1321 c185 c461 c755 c1349 
ClassroomProv4
c1198 c641 c740 c679 c874 c920 c184 c664 c1324 c4 c736 c956 c963 c212 c845 c701 c135 c1065 c899 c800 c551 c675 c1383 c737 c1257 c107 c1285 c1105 c615 c398 c1194 c1308 c425 c320 c517 c491 c26 c95 c960 
ChromeLitev7
c740 c185 c663 c960 c212 c641 c204 c1138 c852 c1124 c44 c219 c1324 c1205 c95 c499 c920 c907 c184 c0 c955 c1163 c664 c642 c1169 c1105 c1042 c1194 c1446 c76 c215 c461 c512 c608 c899 c121 c26 c1295 c1308 c530 c425 c1285 c320 c12 c337 c1456 c1251 c1094 c874 c1383 c670 c999 c442 c551 c856 
SlidesMaxv8
c1194 c1170 c26 c955 c668 c144 c1042 c1094 c847 c907 c1308 c641 c1285 c0 c320 c999 c169 c337 c1237 c1316 c1383 c670 c856 c899 c851 c215 c664 c1163 c1251 c44 c736 c1446 c920 c755 c1295 c1183 c1130 c442 c1105 c642 c137 c1440 c1456 
CalendarProv8
c382 c956 c1205 c144 c737 c899 c949 c527 c533 c1383 c1324 c1237 c1081 c76 c425 c512 c343 c1321 c641 c799 c834 
